[debug] [2018-01-20T23:12:10.493Z] ----------------------------------------------------------------------
[debug] [2018-01-20T23:12:10.495Z] Command:       /usr/local/bin/node /usr/local/bin/firebase serve
[debug] [2018-01-20T23:12:10.496Z] CLI Version:   3.17.3
[debug] [2018-01-20T23:12:10.496Z] Platform:      darwin
[debug] [2018-01-20T23:12:10.496Z] Node Version:  v6.11.3
[debug] [2018-01-20T23:12:10.497Z] Time:          Sat Jan 20 2018 15:12:10 GMT-0800 (PST)
[debug] [2018-01-20T23:12:10.497Z] ----------------------------------------------------------------------
[debug] 
[debug] [2018-01-20T23:12:10.508Z] > command requires scopes: ["email","openid","https://www.googleapis.com/auth/cloudplatformprojects.readonly","https://www.googleapis.com/auth/firebase","https://www.googleapis.com/auth/cloud-platform"]
[debug] [2018-01-20T23:12:10.508Z] > authorizing via signed-in user
[debug] [2018-01-20T23:12:10.510Z] > refreshing access token with scopes: ["email","https://www.googleapis.com/auth/cloud-platform","https://www.googleapis.com/auth/cloudplatformprojects.readonly","https://www.googleapis.com/auth/firebase","openid"]
[debug] [2018-01-20T23:12:10.511Z] >>> HTTP REQUEST POST https://www.googleapis.com/oauth2/v3/token  
 { refresh_token: '1/q5K_BlaPzCPKED33IJNQLGiA0uQOV52gtD4RE4YCfD28wWlxrc5LiSrT7rmkMDLe',
  client_id: '563584335869-fgrhgmd47bqnekij5i8b5pr03ho849e6.apps.googleusercontent.com',
  client_secret: 'j9iVZfS8kkCEFUPaAeJV0sAi',
  grant_type: 'refresh_token',
  scope: 'email https://www.googleapis.com/auth/cloud-platform https://www.googleapis.com/auth/cloudplatformprojects.readonly https://www.googleapis.com/auth/firebase openid' } 
 Sat Jan 20 2018 15:12:10 GMT-0800 (PST)
[debug] [2018-01-20T23:12:11.189Z] <<< HTTP RESPONSE 200
[debug] [2018-01-20T23:12:11.206Z] >>> HTTP REQUEST GET https://admin.firebase.com/v1/projects/nosegoes-34831  
  
 Sat Jan 20 2018 15:12:11 GMT-0800 (PST)
[debug] [2018-01-20T23:12:11.968Z] <<< HTTP RESPONSE 200
[debug] [2018-01-20T23:12:11.969Z] >>> HTTP REQUEST GET https://admin.firebase.com/v1/database/nosegoes-34831/tokens  
  
 Sat Jan 20 2018 15:12:11 GMT-0800 (PST)
[debug] [2018-01-20T23:12:12.464Z] <<< HTTP RESPONSE 200
[info] 
[info] === Serving from '/Users/rishitaroy/Code/Projects/nosegoes'...
[info] 
[debug] [2018-01-20T23:12:12.468Z] >>> HTTP REQUEST GET https://cloudresourcemanager.googleapis.com/v1/projects/nosegoes-34831  
  
 Sat Jan 20 2018 15:12:12 GMT-0800 (PST)
[debug] [2018-01-20T23:12:12.966Z] <<< HTTP RESPONSE 200
[debug] [2018-01-20T23:12:12.967Z] >>> HTTP REQUEST GET https://mobilesdk-pa.googleapis.com/v1/projects/837300799095/clients/_:getWebAppConfig  
  
 Sat Jan 20 2018 15:12:12 GMT-0800 (PST)
[debug] [2018-01-20T23:12:13.923Z] <<< HTTP RESPONSE 200
[info] i  hosting: Serving hosting files from: public
[info] ✔  hosting: Local server: http://localhost:5000

